<?xml version="1.0" encoding="UTF-8"?>
<!-- Generated by org.testng.reporters.JUnitReportReporter -->
<testsuite skipped="0" hostname="homepc" name="drivefactory.DriverScript" tests="1" failures="0" timestamp="25 Sep 2019 07:54:53 GMT" time="65.405" errors="0">
  <testcase name="primusbank" time="65.405" classname="drivefactory.DriverScript"/>
</testsuite> <!-- drivefactory.DriverScript -->
