<?xml version="1.0" encoding="UTF-8"?>
<!-- Generated by org.testng.reporters.JUnitReportReporter -->
<testsuite skipped="0" hostname="homepc" name="baseclass.TestScript" tests="3" failures="0" timestamp="23 Sep 2019 11:24:57 GMT" time="111.645" errors="0">
  <testcase name="createEmp" time="31.262" classname="baseclass.TestScript"/>
  <testcase name="createUser" time="35.096" classname="baseclass.TestScript"/>
  <testcase name="createCandidate" time="45.287" classname="baseclass.TestScript"/>
</testsuite> <!-- baseclass.TestScript -->
