<?xml version="1.0" encoding="UTF-8"?>
<!-- Generated by org.testng.reporters.JUnitReportReporter -->
<testsuite hostname="homepc" name="mytestng.Show" tests="3" failures="0" timestamp="7 Sep 2019 19:20:19 GMT" time="21.040" errors="0">
  <testcase name="verifySignon" time="6.679" classname="mytestng.Show"/>
  <testcase name="verifyRegister" time="7.866" classname="mytestng.Show"/>
  <testcase name="verifyHotel" time="6.495" classname="mytestng.Show"/>
</testsuite> <!-- mytestng.Show -->
