<?xml version="1.0" encoding="UTF-8"?>
<!-- Generated by org.testng.reporters.JUnitReportReporter -->
<testsuite hostname="homepc" name="mytestng.PropertyFile" tests="1" failures="0" timestamp="11 Sep 2019 18:06:52 GMT" time="1.023" errors="0">
  <testcase name="login" time="1.023" classname="mytestng.PropertyFile"/>
</testsuite> <!-- mytestng.PropertyFile -->
