<?xml version="1.0" encoding="UTF-8"?>
<!-- Generated by org.testng.reporters.JUnitReportReporter -->
<testsuite hostname="homepc" name="drivefactory.DataDrivenFramework" tests="1" failures="0" timestamp="17 Sep 2019 09:25:41 GMT" time="57.866" errors="0">
  <testcase name="empCreation" time="57.866" classname="drivefactory.DataDrivenFramework"/>
</testsuite> <!-- drivefactory.DataDrivenFramework -->
