<?xml version="1.0" encoding="UTF-8"?>
<!-- Generated by org.testng.reporters.JUnitReportReporter -->
<testsuite hostname="homepc" name="mytestng.Show1" tests="3" failures="0" timestamp="10 Sep 2019 07:11:06 GMT" time="5.478" errors="0">
  <testcase name="verifySignon" time="1.388" classname="mytestng.Show1"/>
  <testcase name="verifyRegister" time="2.371" classname="mytestng.Show1"/>
  <testcase name="verifyHotel" time="1.719" classname="mytestng.Show1"/>
</testsuite> <!-- mytestng.Show1 -->
