<?xml version="1.0" encoding="UTF-8"?>
<!-- Generated by org.testng.reporters.JUnitReportReporter -->
<testsuite hostname="homepc" name="mytestng.ExtentReportOrangeHrm" tests="1" failures="0" timestamp="13 Sep 2019 11:24:52 GMT" time="9.915" errors="0">
  <testcase name="verifyLogin" time="9.915" classname="mytestng.ExtentReportOrangeHrm"/>
</testsuite> <!-- mytestng.ExtentReportOrangeHrm -->
