<?xml version="1.0" encoding="UTF-8"?>
<!-- Generated by org.testng.reporters.JUnitReportReporter -->
<testsuite hostname="homepc" name="mytestng.DataDrivenFramework" tests="1" failures="0" timestamp="10 Sep 2019 07:45:43 GMT" time="66.580" errors="0">
  <testcase name="login" time="66.580" classname="mytestng.DataDrivenFramework"/>
</testsuite> <!-- mytestng.DataDrivenFramework -->
