<?xml version="1.0" encoding="UTF-8"?>
<!-- Generated by org.testng.reporters.JUnitReportReporter -->
<testsuite hostname="homepc" name="drivefactory.DataDrivenFrameworkUser" tests="1" failures="0" timestamp="17 Sep 2019 10:42:28 GMT" time="81.767" errors="0">
  <testcase name="userCreation" time="81.767" classname="drivefactory.DataDrivenFrameworkUser"/>
</testsuite> <!-- drivefactory.DataDrivenFrameworkUser -->
