<?xml version="1.0" encoding="UTF-8"?>
<!-- Generated by org.testng.reporters.JUnitReportReporter -->
<testsuite hostname="homepc" name="baseclass.TestScript" tests="3" failures="0" timestamp="14 Sep 2019 12:11:10 GMT" time="86.949" errors="0">
  <testcase name="createEmp" time="29.202" classname="baseclass.TestScript"/>
  <testcase name="createUser" time="29.675" classname="baseclass.TestScript"/>
  <testcase name="createCandidate" time="28.072" classname="baseclass.TestScript"/>
</testsuite> <!-- baseclass.TestScript -->
