<?xml version="1.0" encoding="UTF-8"?>
<!-- Generated by org.testng.reporters.JUnitReportReporter -->
<testsuite hostname="homepc" name="mytestng.Demo" tests="3" failures="0" timestamp="7 Sep 2019 11:29:35 GMT" time="0.020" errors="0">
  <testcase name="compose" time="0.020" classname="mytestng.Demo"/>
  <testcase name="reply" time="0.000" classname="mytestng.Demo"/>
  <testcase name="login" time="0.000" classname="mytestng.Demo"/>
</testsuite> <!-- mytestng.Demo -->
