<?xml version="1.0" encoding="UTF-8"?>
<!-- Generated by org.testng.reporters.JUnitReportReporter -->
<testsuite hostname="homepc" name="mytestng.NewTourDemoAut" tests="1" failures="0" timestamp="13 Sep 2019 11:50:14 GMT" time="37.493" errors="0">
  <testcase name="verifyRegister" time="37.493" classname="mytestng.NewTourDemoAut"/>
</testsuite> <!-- mytestng.NewTourDemoAut -->
