<?xml version="1.0" encoding="UTF-8"?>
<!-- Generated by org.testng.reporters.JUnitReportReporter -->
<testsuite hostname="homepc" name="mytestng.FileHandler" tests="1" failures="0" timestamp="10 Sep 2019 08:45:33 GMT" time="0.570" errors="0">
  <testcase name="fileHandlerTest" time="0.570" classname="mytestng.FileHandler"/>
</testsuite> <!-- mytestng.FileHandler -->
