<?xml version="1.0" encoding="UTF-8"?>
<!-- Generated by org.testng.reporters.JUnitReportReporter -->
<testsuite hostname="homepc" name="testrunner.Runner" tests="1" failures="0" timestamp="29 Sep 2019 12:49:06 GMT" time="118.975" errors="0">
  <testcase name="feature" time="118.975" classname="testrunner.Runner"/>
</testsuite> <!-- testrunner.Runner -->
