<?xml version="1.0" encoding="UTF-8"?>
<!-- Generated by org.testng.reporters.JUnitReportReporter -->
<testsuite hostname="homepc" name="dataprovider.DataSupply" tests="5" failures="0" timestamp="26 Sep 2019 19:21:19 GMT" time="31.239" errors="0">
  <testcase name="verifyLogin" time="5.039" classname="dataprovider.DataSupply"/>
  <testcase name="verifyLogin" time="5.840" classname="dataprovider.DataSupply"/>
  <testcase name="verifyLogin" time="4.753" classname="dataprovider.DataSupply"/>
  <testcase name="verifyLogin" time="10.854" classname="dataprovider.DataSupply"/>
  <testcase name="verifyLogin" time="4.753" classname="dataprovider.DataSupply"/>
</testsuite> <!-- dataprovider.DataSupply -->
